This is pdfTeX, Version 3.141592653-2.6-1.40.22 (MiKTeX 21.2) (preloaded format=pdflatex 2021.3.4)  4 MAR 2021 17:27
entering extended mode
**./ex_1.3.7.tex
(ex_1.3.7.tex
LaTeX2e <2020-10-01> patch level 4
L3 programming layer <2021-02-18> xparse <2020-03-03>
(C:\MiKTeX\tex/latex/base\article.cls
Document Class: article 2020/04/10 v1.4m Standard LaTeX document class
(C:\MiKTeX\tex/latex/base\size10.clo
File: size10.clo 2020/04/10 v1.4m Standard LaTeX file (size option)
)
\c@part=\count179
\c@section=\count180
\c@subsection=\count181
\c@subsubsection=\count182
\c@paragraph=\count183
\c@subparagraph=\count184
\c@figure=\count185
\c@table=\count186
\abovecaptionskip=\skip47
\belowcaptionskip=\skip48
\bibindent=\dimen138
)
(C:\MiKTeX\tex/latex/graphics\graphicx.sty
Package: graphicx 2020/09/09 v1.2b Enhanced LaTeX Graphics (DPC,SPQR)

(C:\MiKTeX\tex/latex/graphics\keyval.sty
Package: keyval 2014/10/28 v1.15 key=value parser (DPC)
\KV@toks@=\toks15
)
(C:\MiKTeX\tex/latex/graphics\graphics.sty
Package: graphics 2020/08/30 v1.4c Standard LaTeX Graphics (DPC,SPQR)

(C:\MiKTeX\tex/latex/graphics\trig.sty
Package: trig 2016/01/03 v1.10 sin cos tan (DPC)
)
(C:\MiKTeX\tex/latex/graphics-cfg\graphics.cfg
File: graphics.cfg 2016/06/04 v1.11 sample graphics configuration
)
Package graphics Info: Driver file: pdftex.def on input line 105.

(C:\MiKTeX\tex/latex/graphics-def\pdftex.def
File: pdftex.def 2020/10/05 v1.2a Graphics/color driver for pdftex
))
\Gin@req@height=\dimen139
\Gin@req@width=\dimen140
)
(C:\MiKTeX\tex/latex/graphics\color.sty
Package: color 2020/02/24 v1.2b Standard LaTeX Color (DPC)

(C:\MiKTeX\tex/latex/graphics-cfg\color.cfg
File: color.cfg 2016/01/02 v1.6 sample color configuration
)
Package color Info: Driver file: pdftex.def on input line 147.
)
(C:\MiKTeX\tex/latex/framed\framed.sty
Package: framed 2011/10/22 v 0.96: framed or shaded text with page breaks
\OuterFrameSep=\skip49
\fb@frw=\dimen141
\fb@frh=\dimen142
\FrameRule=\dimen143
\FrameSep=\dimen144
) (C:\MiKTeX\tex/latex/base\alltt.sty
Package: alltt 1997/06/16 v2.0g defines alltt environment
)
(C:\MiKTeX\tex/latex/upquote\upquote.sty
Package: upquote 2012/04/19 v1.3 upright-quote and grave-accent glyphs in verba
tim
)
(C:\MiKTeX\tex/latex/l3backend\l3backend-pdftex.def
File: l3backend-pdftex.def 2021-03-02 L3 backend support: PDF output (pdfTeX)
\l__color_backend_stack_int=\count187
\l__pdf_internal_box=\box47
) (ex_1.3.7.aux)
\openout1 = `ex_1.3.7.aux'.

LaTeX Font Info:    Checking defaults for OML/cmm/m/it on input line 53.
LaTeX Font Info:    ... okay on input line 53.
LaTeX Font Info:    Checking defaults for OMS/cmsy/m/n on input line 53.
LaTeX Font Info:    ... okay on input line 53.
LaTeX Font Info:    Checking defaults for OT1/cmr/m/n on input line 53.
LaTeX Font Info:    ... okay on input line 53.
LaTeX Font Info:    Checking defaults for T1/cmr/m/n on input line 53.
LaTeX Font Info:    ... okay on input line 53.
LaTeX Font Info:    Checking defaults for TS1/cmr/m/n on input line 53.
LaTeX Font Info:    ... okay on input line 53.
LaTeX Font Info:    Checking defaults for OMX/cmex/m/n on input line 53.
LaTeX Font Info:    ... okay on input line 53.
LaTeX Font Info:    Checking defaults for U/cmr/m/n on input line 53.
LaTeX Font Info:    ... okay on input line 53.

(C:\MiKTeX\tex/context/base/mkii\supp-pdf.mkii
[Loading MPS to PDF converter (version 2006.09.02).]
\scratchcounter=\count188
\scratchdimen=\dimen145
\scratchbox=\box48
\nofMPsegments=\count189
\nofMParguments=\count190
\everyMPshowfont=\toks16
\MPscratchCnt=\count191
\MPscratchDim=\dimen146
\MPnumerator=\count192
\makeMPintoPDFobject=\count193
\everyMPtoPDFconversion=\toks17
) (C:\MiKTeX\tex/latex/epstopdf-pkg\epstopdf-base.sty
Package: epstopdf-base 2020-01-24 v2.11 Base part for package epstopdf
Package epstopdf-base Info: Redefining graphics rule for `.eps' on input line 4
85.
)
LaTeX Font Info:    External font `cmex10' loaded for size
(Font)              <12> on input line 60.
LaTeX Font Info:    External font `cmex10' loaded for size
(Font)              <8> on input line 60.
LaTeX Font Info:    External font `cmex10' loaded for size
(Font)              <6> on input line 60.
LaTeX Font Info:    External font `cmex10' loaded for size
(Font)              <7> on input line 64.
LaTeX Font Info:    External font `cmex10' loaded for size
(Font)              <5> on input line 64.
Package color Info: Redefining color shadecolor on input line 67.

Overfull \hbox (43.49661pt too wide) in paragraph at lines 87--87
[]\OT1/cmtt/m/n/10 ##           a         b         c         d         e      
   f         g[] 
 []


Overfull \hbox (43.49661pt too wide) in paragraph at lines 87--87
[]\OT1/cmtt/m/n/10 ## a 1.0000000 0.0000000 0.0000000 0.0000000 0.0000000 0.000
0000 0.0000000[] 
 []


Overfull \hbox (43.49661pt too wide) in paragraph at lines 87--87
[]\OT1/cmtt/m/n/10 ## b 0.0000000 1.0000000 0.0000000 0.0000000 0.0000000 0.000
0000 0.0000000[] 
 []


Overfull \hbox (43.49661pt too wide) in paragraph at lines 87--87
[]\OT1/cmtt/m/n/10 ## c 0.3333333 0.3333333 0.0000000 0.0000000 0.3333333 0.000
0000 0.0000000[] 
 []


Overfull \hbox (43.49661pt too wide) in paragraph at lines 87--87
[]\OT1/cmtt/m/n/10 ## d 0.3333333 0.3333333 0.0000000 0.0000000 0.0000000 0.333
3333 0.0000000[] 
 []


Overfull \hbox (43.49661pt too wide) in paragraph at lines 87--87
[]\OT1/cmtt/m/n/10 ## e 0.0000000 0.0000000 0.3333333 0.0000000 0.0000000 0.000
0000 0.3333333[] 
 []


Overfull \hbox (43.49661pt too wide) in paragraph at lines 87--87
[]\OT1/cmtt/m/n/10 ## f 0.0000000 0.0000000 0.0000000 0.3333333 0.0000000 0.000
0000 0.3333333[] 
 []


Overfull \hbox (43.49661pt too wide) in paragraph at lines 87--87
[]\OT1/cmtt/m/n/10 ## g 0.3333333 0.0000000 0.0000000 0.0000000 0.3333333 0.333
3333 0.0000000[] 
 []


Overfull \hbox (43.49661pt too wide) in paragraph at lines 87--87
[]\OT1/cmtt/m/n/10 ## h 0.0000000 0.3333333 0.0000000 0.0000000 0.3333333 0.333
3333 0.0000000[] 
 []

Package color Info: Redefining color shadecolor on input line 93.
[1

{C:/Users/chris/AppData/Local/MiKTeX/pdftex/config/pdftex.map}] [2]
(ex_1.3.7.aux) ) 
Here is how much of TeX's memory you used:
 1338 strings out of 479334
 19528 string characters out of 2873605
 314390 words of memory out of 3000000
 18817 multiletter control sequences out of 15000+200000
 406633 words of font info for 38 fonts, out of 3000000 for 9000
 1141 hyphenation exceptions out of 8191
 68i,6n,74p,276b,191s stack positions out of 5000i,500n,10000p,200000b,50000s
<C:/MiKTeX/fonts/type1/public/amsfonts/cm/cmmi10.pfb><C:/MiKTeX
/fonts/type1/public/amsfonts/cm/cmr10.pfb><C:/MiKTeX/fonts/type1/public/amsfont
s/cm/cmr12.pfb><C:/MiKTeX/fonts/type1/public/amsfonts/cm/cmr17.pfb><C:/MiKTeX/f
onts/type1/public/amsfonts/cm/cmsy10.pfb><C:/MiKTeX/fonts/type1/public/amsfonts
/cm/cmtt10.pfb>
Output written on ex_1.3.7.pdf (2 pages, 73136 bytes).
PDF statistics:
 33 PDF objects out of 1000 (max. 8388607)
 0 named destinations out of 1000 (max. 500000)
 1 words of extra memory for PDF output out of 10000 (max. 10000000)

